<?xml version="1.0" encoding="UTF-8"?>
<!-- Generated by org.testng.reporters.JUnitReportReporter -->
<testsuite hostname="HARPREET-PC" name="AssertingPKG.Authentication_AUTOIT" tests="1" failures="0" timestamp="27 Aug 2016 17:53:48 GMT" time="13.090" errors="0">
  <testcase name="Upload" time="13.090" classname="AssertingPKG.Authentication_AUTOIT"/>
</testsuite> <!-- AssertingPKG.Authentication_AUTOIT -->
