<?xml version="1.0" encoding="UTF-8"?>
<!-- Generated by org.testng.reporters.JUnitReportReporter -->
<testsuite hostname="HARPREET-PC" name="AssertingPKG.BootStrapDropdown" tests="1" failures="0" timestamp="17 Sep 2016 08:14:50 GMT" time="11.263" errors="0">
  <testcase name="handleBootstrapdropdown" time="11.263" classname="AssertingPKG.BootStrapDropdown"/>
</testsuite> <!-- AssertingPKG.BootStrapDropdown -->
