<?xml version="1.0" encoding="UTF-8"?>
<!-- Generated by org.testng.reporters.JUnitReportReporter -->
<testsuite hostname="HARPREET-PC" name="AssertingPKG.UploadFile_AutoIT" tests="1" failures="0" timestamp="27 Aug 2016 18:20:25 GMT" time="5.751" errors="0">
  <testcase name="Upload" time="5.751" classname="AssertingPKG.UploadFile_AutoIT"/>
</testsuite> <!-- AssertingPKG.UploadFile_AutoIT -->
